
Showing logs for build [32mcb-kubecd-environment-pr-1319-2-xcbpq-1[0m stage [32mfrom-build-pack[0m and container [32mstep-credential-initializer-rqwcv[0m
{"level":"warn","ts":1585241856.0323288,"logger":"fallback-logger","caller":"logging/config.go:69","msg":"Fetch GitHub commit ID from kodata failed: \"ref: refs/heads/0.8.0-**-support-backwards-incompats\" is not a valid GitHub commit ID"}
{"level":"info","ts":1585241856.0329998,"logger":"fallback-logger","caller":"creds-init/main.go:40","msg":"Credentials initialized."}

Showing logs for build [32mcb-kubecd-environment-pr-1319-2-xcbpq-1[0m stage [32mfrom-build-pack[0m and container [32mstep-working-dir-initializer-f47xf[0m
{"level":"warn","ts":1585241857.3762705,"logger":"fallback-logger","caller":"logging/config.go:69","msg":"Fetch GitHub commit ID from kodata failed: open /var/run/ko/HEAD: no such file or directory"}
{"level":"info","ts":1585241857.378195,"logger":"fallback-logger","caller":"bash/main.go:64","msg":"Successfully executed command \"sh -c mkdir -p /workspace/source\"; output "}

Showing logs for build [32mcb-kubecd-environment-pr-1319-2-xcbpq-1[0m stage [32mfrom-build-pack[0m and container [32mstep-place-tools[0m

Showing logs for build [32mcb-kubecd-environment-pr-1319-2-xcbpq-1[0m stage [32mfrom-build-pack[0m and container [32mstep-git-source-cb-kubecd-environment-pr-1319-2-xcbpq-f8wrz[0m
{"level":"warn","ts":1585241861.5173688,"logger":"fallback-logger","caller":"logging/config.go:69","msg":"Fetch GitHub commit ID from kodata failed: \"ref: refs/heads/0.8.0-**-support-backwards-incompats\" is not a valid GitHub commit ID"}
{"level":"info","ts":1585241862.5447135,"logger":"fallback-logger","caller":"git/git.go:103","msg":"Successfully cloned https://github.com/cb-kubecd/environment-pr-1319-2-bdd-frontend-staging.git @ master in path /workspace/source"}

Showing logs for build [32mcb-kubecd-environment-pr-1319-2-xcbpq-1[0m stage [32mfrom-build-pack[0m and container [32mstep-git-merge[0m
Using SHAs from PULL_REFS=master:25e7488b1de8e0da9812a0bcbe23a864ae8ac2fa,1:4a5fb8c734108d2fe3ff44ca15106645acf10792
DEBUG: LC_ALL=C JX_LOG_LEVEL=error git fetch origin --unshallow 4a5fb8c734108d2fe3ff44ca15106645acf10792: 25e7488b1de8e0da9812a0bcbe23a864ae8ac2fa:
DEBUG: ran git fetch --unshallow origin 4a5fb8c734108d2fe3ff44ca15106645acf10792: 25e7488b1de8e0da9812a0bcbe23a864ae8ac2fa: in 
DEBUG: LC_ALL=C JX_LOG_LEVEL=error git branch
DEBUG: LC_ALL=C JX_LOG_LEVEL=error git checkout master
DEBUG: ran git checkout master in 
DEBUG: LC_ALL=C JX_LOG_LEVEL=error git reset --hard 25e7488b1de8e0da9812a0bcbe23a864ae8ac2fa
DEBUG: ran git reset --hard 25e7488b1de8e0da9812a0bcbe23a864ae8ac2fa in 
DEBUG: LC_ALL=C JX_LOG_LEVEL=error git clean -fd .
DEBUG: ran clean --force -d . in 
DEBUG: LC_ALL=C JX_LOG_LEVEL=error git merge 4a5fb8c734108d2fe3ff44ca15106645acf10792
DEBUG: ran git merge 4a5fb8c734108d2fe3ff44ca15106645acf10792 in 
DEBUG: LC_ALL=C JX_LOG_LEVEL=error git log --format=%H%x1f%an%x1f%ae%x1f%cn%x1f%ce%x1f%s%n%b%x1e 25e7488b1de8e0da9812a0bcbe23a864ae8ac2fa..HEAD
Merged SHA 4a5fb8c734108d2fe3ff44ca15106645acf10792 with commit message 'chore: Promote bdd-nh-1585240875 to version 0.0.1' into base branch master

Showing logs for build [32mcb-kubecd-environment-pr-1319-2-xcbpq-1[0m stage [32mfrom-build-pack[0m and container [32mstep-build-helm-build[0m
WARNING: No $CHART_REPOSITORY defined so using the default value of: http://jenkins-x-chartmuseum:8080
Adding missing Helm repo: storage.googleapis.com https://storage.googleapis.com/chartmuseum.jenkins-x.io
WARNING: No secrets found on "helm/repos" due: reading the secret "helm/repos" from vault: no secret "helm/repos" not found in vault
Read credentials for https://storage.googleapis.com/chartmuseum.jenkins-x.io from vault helm/repos
Successfully added Helm repository storage.googleapis.com.
Adding missing Helm repo: jenkins-x-chartmuseum http://jenkins-x-chartmuseum:8080
WARNING: No secrets found on "helm/repos" due: reading the secret "helm/repos" from vault: no secret "helm/repos" not found in vault
Read credentials for http://jenkins-x-chartmuseum:8080 from vault helm/repos
Successfully added Helm repository jenkins-x-chartmuseum.
WARNING: No $CHART_REPOSITORY defined so using the default value of: http://jenkins-x-chartmuseum:8080
Adding missing Helm repo: chartmuseum.jenkins-x.io http://chartmuseum.jenkins-x.io
WARNING: No secrets found on "helm/repos" due: reading the secret "helm/repos" from vault: no secret "helm/repos" not found in vault
Read credentials for http://chartmuseum.jenkins-x.io from vault helm/repos
Successfully added Helm repository chartmuseum.jenkins-x.io.
